<?xml version="1.0" encoding="windows-1252" standalone="no"?>
<!DOCTYPE log SYSTEM "logger.dtd">
<log>

</log>
<?xml version="1.0" encoding="windows-1252" standalone="no"?>
<!DOCTYPE log SYSTEM "logger.dtd">
<log>
<record>
  <date>2019-09-14T12:49:36</date>
  <millis>1568483376478</millis>
  <sequence>0</sequence>
  <logger>Vending Machine Sales Log</logger>
  <level>INFO</level>
  <class>machine.sodamachine$2</class>
  <method>actionPerformed</method>
  <thread>16</thread>
  <message>Add Quarter: Change: $.25</message>
</record>
<record>
  <date>2019-09-14T12:49:36</date>
  <millis>1568483376619</millis>
  <sequence>1</sequence>
  <logger>Vending Machine Sales Log</logger>
  <level>INFO</level>
  <class>machine.sodamachine$2</class>
  <method>actionPerformed</method>
  <thread>16</thread>
  <message>Add Quarter: Change: $.50</message>
</record>
<record>
  <date>2019-09-14T12:49:39</date>
  <millis>1568483379925</millis>
  <sequence>2</sequence>
  <logger>Vending Machine Sales Log</logger>
  <level>INFO</level>
  <class>machine.sodamachine$3</class>
  <method>actionPerformed</method>
  <thread>16</thread>
  <message>Dispense Pepsi. Remaining Sodas: 9</message>
</record>
<record>
  <date>2019-09-14T12:50:16</date>
  <millis>1568483416563</millis>
  <sequence>3</sequence>
  <logger>Vending Machine Sales Log</logger>
  <level>INFO</level>
  <class>machine.sodamachine$3</class>
  <method>actionPerformed</method>
  <thread>16</thread>
  <message>Dispense Pepsi. Remaining Sodas: 8</message>
</record>
</log>
